<?xml version="1.0" encoding="UTF-8" standalone="yes"?><!DOCTYPE report PUBLIC "-//JACOCO//DTD Report 1.1//EN" "report.dtd"><report name="CA3"><sessioninfo id="saeed-IdeaPad-3-15ITL05-277ac87f" start="1699767827548" dump="1699767827879"/><sessioninfo id="saeed-IdeaPad-3-15ITL05-59f0ba63" start="1699768583350" dump="1699768583638"/><sessioninfo id="saeed-IdeaPad-3-15ITL05-1366bd4f" start="1699768597962" dump="1699768598241"/><sessioninfo id="saeed-IdeaPad-3-15ITL05-4958bd42" start="1699768617114" dump="1699768617392"/><sessioninfo id="saeed-IdeaPad-3-15ITL05-356b1af5" start="1699769182433" dump="1699769182850"/><sessioninfo id="saeed-IdeaPad-3-15ITL05-4e1f706b" start="1699769193693" dump="1699769194089"/><sessioninfo id="saeed-IdeaPad-3-15ITL05-336ff76" start="1699769383900" dump="1699769384332"/><sessioninfo id="saeed-IdeaPad-3-15ITL05-2ea37b64" start="1699769434470" dump="1699769435020"/><sessioninfo id="saeed-IdeaPad-3-15ITL05-45137839" start="1699769438327" dump="1699769438755"/><sessioninfo id="saeed-IdeaPad-3-15ITL05-4ae2a101" start="1699769581830" dump="1699769582278"/><sessioninfo id="saeed-IdeaPad-3-15ITL05-37b17a78" start="1699769713054" dump="1699769713462"/><sessioninfo id="saeed-IdeaPad-3-15ITL05-fa9699ff" start="1699770246128" dump="1699770246533"/><sessioninfo id="saeed-IdeaPad-3-15ITL05-91065d80" start="1699770372288" dump="1699770372713"/><sessioninfo id="saeed-IdeaPad-3-15ITL05-538ddc3" start="1699770528231" dump="1699770528670"/><sessioninfo id="saeed-IdeaPad-3-15ITL05-df60acd2" start="1699771012362" dump="1699771012827"/><sessioninfo id="saeed-IdeaPad-3-15ITL05-92ef386a" start="1699771056432" dump="1699771056982"/><sessioninfo id="saeed-IdeaPad-3-15ITL05-203955b6" start="1699771079235" dump="1699771079796"/><sessioninfo id="saeed-IdeaPad-3-15ITL05-dac81c39" start="1699771097271" dump="1699771097830"/><sessioninfo id="saeed-IdeaPad-3-15ITL05-a6d1feea" start="1699771175314" dump="1699771175781"/><sessioninfo id="saeed-IdeaPad-3-15ITL05-b6a6b95b" start="1699771183442" dump="1699771183876"/><sessioninfo id="saeed-IdeaPad-3-15ITL05-d30b1aea" start="1699771192630" dump="1699771193107"/><sessioninfo id="saeed-IdeaPad-3-15ITL05-a27d1e15" start="1699771223265" dump="1699771223762"/><sessioninfo id="saeed-IdeaPad-3-15ITL05-7002fc8a" start="1699771468851" dump="1699771469953"/><sessioninfo id="saeed-IdeaPad-3-15ITL05-cf7942c4" start="1699771499741" dump="1699771500238"/><sessioninfo id="saeed-IdeaPad-3-15ITL05-69034771" start="1699771515527" dump="1699771515935"/><sessioninfo id="saeed-IdeaPad-3-15ITL05-824c8e1" start="1699771534230" dump="1699771534776"/><sessioninfo id="saeed-IdeaPad-3-15ITL05-7a66bf29" start="1699771568544" dump="1699771568950"/><sessioninfo id="saeed-IdeaPad-3-15ITL05-d047423d" start="1699771696884" dump="1699771697337"/><sessioninfo id="saeed-IdeaPad-3-15ITL05-df749caf" start="1699771721498" dump="1699771721949"/><sessioninfo id="saeed-IdeaPad-3-15ITL05-c3b855f3" start="1699771750380" dump="1699771750836"/><sessioninfo id="saeed-IdeaPad-3-15ITL05-9eaf1e6b" start="1699780196643" dump="1699780197415"/><sessioninfo id="saeed-IdeaPad-3-15ITL05-8c54c285" start="1699780352936" dump="1699780353463"/><sessioninfo id="saeed-IdeaPad-3-15ITL05-8b5768d4" start="1699780792668" dump="1699780793271"/><sessioninfo id="saeed-IdeaPad-3-15ITL05-553d2705" start="1699780889479" dump="1699780889957"/><sessioninfo id="saeed-IdeaPad-3-15ITL05-10f9d3c" start="1699781110309" dump="1699781110885"/><sessioninfo id="saeed-IdeaPad-3-15ITL05-2404857" start="1699781226279" dump="1699781226849"/><sessioninfo id="saeed-IdeaPad-3-15ITL05-1402b46" start="1699781281909" dump="1699781282543"/><sessioninfo id="saeed-IdeaPad-3-15ITL05-1d4acfcb" start="1699781303849" dump="1699781304504"/><sessioninfo id="saeed-IdeaPad-3-15ITL05-884bf58f" start="1699781365191" dump="1699781365821"/><sessioninfo id="saeed-IdeaPad-3-15ITL05-948efda2" start="1699781419353" dump="1699781419954"/><sessioninfo id="saeed-IdeaPad-3-15ITL05-7675d1f0" start="1699781473776" dump="1699781474296"/><sessioninfo id="saeed-IdeaPad-3-15ITL05-50eb20ec" start="1699781532495" dump="1699781533178"/><sessioninfo id="saeed-IdeaPad-3-15ITL05-89cc7120" start="1699781744344" dump="1699781745038"/><sessioninfo id="saeed-IdeaPad-3-15ITL05-60184746" start="1699782080491" dump="1699782081057"/><sessioninfo id="saeed-IdeaPad-3-15ITL05-7b8a51d3" start="1699782146661" dump="1699782147299"/><sessioninfo id="saeed-IdeaPad-3-15ITL05-2ce7f297" start="1699782176773" dump="1699782177339"/><sessioninfo id="saeed-IdeaPad-3-15ITL05-d34f3ab" start="1699782284568" dump="1699782285128"/><sessioninfo id="saeed-IdeaPad-3-15ITL05-9b636659" start="1699782330171" dump="1699782330727"/><sessioninfo id="saeed-IdeaPad-3-15ITL05-f4b59e52" start="1699782346041" dump="1699782346612"/><sessioninfo id="saeed-IdeaPad-3-15ITL05-43831569" start="1699782450433" dump="1699782451106"/><sessioninfo id="saeed-IdeaPad-3-15ITL05-a9a28455" start="1699782467652" dump="1699782468157"/><sessioninfo id="saeed-IdeaPad-3-15ITL05-b14cbf7e" start="1699782481228" dump="1699782481839"/><sessioninfo id="saeed-IdeaPad-3-15ITL05-ef2aabd9" start="1699782520993" dump="1699782521536"/><sessioninfo id="saeed-IdeaPad-3-15ITL05-71cb86cc" start="1699782625246" dump="1699782625913"/><sessioninfo id="saeed-IdeaPad-3-15ITL05-abd3c693" start="1699782660797" dump="1699782661310"/><package name="domain"><class name="domain/Engine" sourcefilename="Engine.java"><method name="&lt;init&gt;" desc="()V" line="9"><counter type="INSTRUCTION" missed="0" covered="8"/><counter type="LINE" missed="0" covered="3"/><counter type="COMPLEXITY" missed="0" covered="1"/><counter type="METHOD" missed="0" covered="1"/></method><method name="getAverageOrderQuantityByCustomer" desc="(I)I" line="14"><counter type="INSTRUCTION" missed="0" covered="36"/><counter type="BRANCH" missed="0" covered="6"/><counter type="LINE" missed="0" covered="10"/><counter type="COMPLEXITY" missed="0" covered="4"/><counter type="METHOD" missed="0" covered="1"/></method><method name="getQuantityPatternByPrice" desc="(I)I" line="32"><counter type="INSTRUCTION" missed="0" covered="95"/><counter type="BRANCH" missed="0" covered="12"/><counter type="LINE" missed="0" covered="26"/><counter type="COMPLEXITY" missed="0" covered="7"/><counter type="METHOD" missed="0" covered="1"/></method><method name="getCustomerFraudulentQuantity" desc="(Ldomain/Order;)I" line="74"><counter type="INSTRUCTION" missed="0" covered="16"/><counter type="BRANCH" missed="0" covered="2"/><counter type="LINE" missed="0" covered="4"/><counter type="COMPLEXITY" missed="0" covered="2"/><counter type="METHOD" missed="0" covered="1"/></method><method name="addOrderAndGetFraudulentQuantity" desc="(Ldomain/Order;)I" line="84"><counter type="INSTRUCTION" missed="0" covered="25"/><counter type="BRANCH" missed="0" covered="4"/><counter type="LINE" missed="0" covered="7"/><counter type="COMPLEXITY" missed="0" covered="3"/><counter type="METHOD" missed="0" covered="1"/></method><counter type="INSTRUCTION" missed="0" covered="180"/><counter type="BRANCH" missed="0" covered="24"/><counter type="LINE" missed="0" covered="50"/><counter type="COMPLEXITY" missed="0" covered="17"/><counter type="METHOD" missed="0" covered="5"/><counter type="CLASS" missed="0" covered="1"/></class><class name="domain/Order" sourcefilename="Order.java"><method name="&lt;init&gt;" desc="()V" line="8"><counter type="INSTRUCTION" missed="0" covered="3"/><counter type="LINE" missed="0" covered="1"/><counter type="COMPLEXITY" missed="0" covered="1"/><counter type="METHOD" missed="0" covered="1"/></method><method name="equals" desc="(Ljava/lang/Object;)Z" line="16"><counter type="INSTRUCTION" missed="0" covered="17"/><counter type="BRANCH" missed="0" covered="4"/><counter type="LINE" missed="0" covered="3"/><counter type="COMPLEXITY" missed="0" covered="3"/><counter type="METHOD" missed="0" covered="1"/></method><method name="getId" desc="()I" line="9"><counter type="INSTRUCTION" missed="0" covered="3"/><counter type="LINE" missed="0" covered="1"/><counter type="COMPLEXITY" missed="0" covered="1"/><counter type="METHOD" missed="0" covered="1"/></method><method name="getCustomer" desc="()I" line="10"><counter type="INSTRUCTION" missed="0" covered="3"/><counter type="LINE" missed="0" covered="1"/><counter type="COMPLEXITY" missed="0" covered="1"/><counter type="METHOD" missed="0" covered="1"/></method><method name="getPrice" desc="()I" line="11"><counter type="INSTRUCTION" missed="0" covered="3"/><counter type="LINE" missed="0" covered="1"/><counter type="COMPLEXITY" missed="0" covered="1"/><counter type="METHOD" missed="0" covered="1"/></method><method name="getQuantity" desc="()I" line="12"><counter type="INSTRUCTION" missed="0" covered="3"/><counter type="LINE" missed="0" covered="1"/><counter type="COMPLEXITY" missed="0" covered="1"/><counter type="METHOD" missed="0" covered="1"/></method><method name="setId" desc="(I)V" line="7"><counter type="INSTRUCTION" missed="0" covered="4"/><counter type="LINE" missed="0" covered="1"/><counter type="COMPLEXITY" missed="0" covered="1"/><counter type="METHOD" missed="0" covered="1"/></method><method name="setCustomer" desc="(I)V" line="7"><counter type="INSTRUCTION" missed="0" covered="4"/><counter type="LINE" missed="0" covered="1"/><counter type="COMPLEXITY" missed="0" covered="1"/><counter type="METHOD" missed="0" covered="1"/></method><method name="setPrice" desc="(I)V" line="7"><counter type="INSTRUCTION" missed="0" covered="4"/><counter type="LINE" missed="0" covered="1"/><counter type="COMPLEXITY" missed="0" covered="1"/><counter type="METHOD" missed="0" covered="1"/></method><method name="setQuantity" desc="(I)V" line="7"><counter type="INSTRUCTION" missed="0" covered="4"/><counter type="LINE" missed="0" covered="1"/><counter type="COMPLEXITY" missed="0" covered="1"/><counter type="METHOD" missed="0" covered="1"/></method><counter type="INSTRUCTION" missed="0" covered="48"/><counter type="BRANCH" missed="0" covered="4"/><counter type="LINE" missed="0" covered="9"/><counter type="COMPLEXITY" missed="0" covered="12"/><counter type="METHOD" missed="0" covered="10"/><counter type="CLASS" missed="0" covered="1"/></class><sourcefile name="Order.java"><line nr="7" mi="0" ci="16" mb="0" cb="0"/><line nr="8" mi="0" ci="3" mb="0" cb="0"/><line nr="9" mi="0" ci="3" mb="0" cb="0"/><line nr="10" mi="0" ci="3" mb="0" cb="0"/><line nr="11" mi="0" ci="3" mb="0" cb="0"/><line nr="12" mi="0" ci="3" mb="0" cb="0"/><line nr="16" mi="0" ci="6" mb="0" cb="2"/><line nr="17" mi="0" ci="9" mb="0" cb="2"/><line nr="19" mi="0" ci="2" mb="0" cb="0"/><counter type="INSTRUCTION" missed="0" covered="48"/><counter type="BRANCH" missed="0" covered="4"/><counter type="LINE" missed="0" covered="9"/><counter type="COMPLEXITY" missed="0" covered="12"/><counter type="METHOD" missed="0" covered="10"/><counter type="CLASS" missed="0" covered="1"/></sourcefile><sourcefile name="Engine.java"><line nr="9" mi="0" ci="2" mb="0" cb="0"/><line nr="10" mi="0" ci="5" mb="0" cb="0"/><line nr="11" mi="0" ci="1" mb="0" cb="0"/><line nr="14" mi="0" ci="2" mb="0" cb="0"/><line nr="15" mi="0" ci="2" mb="0" cb="0"/><line nr="17" mi="0" ci="11" mb="0" cb="2"/><line nr="18" mi="0" ci="4" mb="0" cb="2"/><line nr="19" mi="0" ci="5" mb="0" cb="0"/><line nr="20" mi="0" ci="1" mb="0" cb="0"/><line nr="22" mi="0" ci="1" mb="0" cb="0"/><line nr="24" mi="0" ci="4" mb="0" cb="2"/><line nr="25" mi="0" ci="2" mb="0" cb="0"/><line nr="28" mi="0" ci="4" mb="0" cb="0"/><line nr="32" mi="0" ci="4" mb="0" cb="2"/><line nr="33" mi="0" ci="2" mb="0" cb="0"/><line nr="36" mi="0" ci="2" mb="0" cb="0"/><line nr="37" mi="0" ci="6" mb="0" cb="0"/><line nr="39" mi="0" ci="3" mb="0" cb="0"/><line nr="40" mi="0" ci="3" mb="0" cb="0"/><line nr="42" mi="0" ci="11" mb="0" cb="2"/><line nr="43" mi="0" ci="5" mb="0" cb="2"/><line nr="44" mi="0" ci="1" mb="0" cb="0"/><line nr="47" mi="0" ci="4" mb="0" cb="2"/><line nr="48" mi="0" ci="1" mb="0" cb="0"/><line nr="52" mi="0" ci="3" mb="0" cb="0"/><line nr="53" mi="0" ci="4" mb="0" cb="0"/><line nr="54" mi="0" ci="3" mb="0" cb="0"/><line nr="55" mi="0" ci="4" mb="0" cb="0"/><line nr="56" mi="0" ci="3" mb="0" cb="0"/><line nr="57" mi="0" ci="3" mb="0" cb="0"/><line nr="58" mi="0" ci="3" mb="0" cb="0"/><line nr="59" mi="0" ci="7" mb="0" cb="0"/><line nr="61" mi="0" ci="2" mb="0" cb="2"/><line nr="62" mi="0" ci="6" mb="0" cb="0"/><line nr="63" mi="0" ci="3" mb="0" cb="0"/><line nr="64" mi="0" ci="7" mb="0" cb="2"/><line nr="65" mi="0" ci="2" mb="0" cb="0"/><line nr="67" mi="0" ci="1" mb="0" cb="0"/><line nr="69" mi="0" ci="2" mb="0" cb="0"/><line nr="74" mi="0" ci="5" mb="0" cb="0"/><line nr="76" mi="0" ci="4" mb="0" cb="2"/><line nr="77" mi="0" ci="5" mb="0" cb="0"/><line nr="80" mi="0" ci="2" mb="0" cb="0"/><line nr="84" mi="0" ci="5" mb="0" cb="2"/><line nr="85" mi="0" ci="2" mb="0" cb="0"/><line nr="88" mi="0" ci="4" mb="0" cb="0"/><line nr="89" mi="0" ci="2" mb="0" cb="2"/><line nr="90" mi="0" ci="5" mb="0" cb="0"/><line nr="93" mi="0" ci="5" mb="0" cb="0"/><line nr="94" mi="0" ci="2" mb="0" cb="0"/><counter type="INSTRUCTION" missed="0" covered="180"/><counter type="BRANCH" missed="0" covered="24"/><counter type="LINE" missed="0" covered="50"/><counter type="COMPLEXITY" missed="0" covered="17"/><counter type="METHOD" missed="0" covered="5"/><counter type="CLASS" missed="0" covered="1"/></sourcefile><counter type="INSTRUCTION" missed="0" covered="228"/><counter type="BRANCH" missed="0" covered="28"/><counter type="LINE" missed="0" covered="59"/><counter type="COMPLEXITY" missed="0" covered="29"/><counter type="METHOD" missed="0" covered="15"/><counter type="CLASS" missed="0" covered="2"/></package><counter type="INSTRUCTION" missed="0" covered="228"/><counter type="BRANCH" missed="0" covered="28"/><counter type="LINE" missed="0" covered="59"/><counter type="COMPLEXITY" missed="0" covered="29"/><counter type="METHOD" missed="0" covered="15"/><counter type="CLASS" missed="0" covered="2"/></report>