<?xml version="1.0" encoding="UTF-8"?>
<testsuite xmlns:xsi="http://www.w3.org/2001/XMLSchema-instance" xsi:noNamespaceSchemaLocation="https://maven.apache.org/surefire/maven-surefire-plugin/xsd/surefire-test-report-3.0.xsd" version="3.0" name="domain.EngineTest" time="0.064" tests="4" errors="0" skipped="0" failures="0">
  <properties>
[...]
</properties>
  <testcase name="shouldNotAddZeroQuantityOrder" classname="domain.EngineTest" time="0.04"/>
  <testcase name="shouldReturnQuantityPatternByPrice" classname="domain.EngineTest" time="0.002">
    <system-out><![CDATA[Price: 100
currentOrderId: 5
previousId: 4
diff: 0
currentOrder.quantity - previous.quantity: 5
currentOrderId: 6
previousId: 5
diff: 5
currentOrder.quantity - previous.quantity: 5
Price: 200
]]></system-out>
  </testcase>
  <testcase name="shouldAddOrder" classname="domain.EngineTest" time="0.001"/>
  <testcase name="shouldNotAddSameOrder" classname="domain.EngineTest" time="0.002"/>
</testsuite>